4. veljače 2021. 16:51:59 - Korisnik je pokrenuo program.
4. veljače 2021. 16:51:59 - Pokretanje glavnog izbornika
4. veljače 2021. 16:52:06 - Pokretanje fukcije za nasumicno odigravanje utakmica
4. veljače 2021. 16:52:09 - Čišćenje lista/memorije.
4. veljače 2021. 16:52:09 - Pokretanje glavnog izbornika
4. veljače 2021. 16:52:11 - Pokretanje fukcije za prikaz ljestvice
4. veljače 2021. 16:52:36 - Čišćenje lista/memorije.
4. veljače 2021. 16:52:36 - Pokretanje glavnog izbornika
4. veljače 2021. 16:52:45 - Pokretanje fukcije za azuriranje klubova
4. veljače 2021. 16:52:52 - Korisnik je izbrisao klub
4. veljače 2021. 16:52:54 - Čišćenje lista/memorije.
4. veljače 2021. 16:52:54 - Pokretanje glavnog izbornika
4. veljače 2021. 16:55:29 - Pokretanje fukcije za prijelaz igraca
4. veljače 2021. 16:55:55 - Prijelaz igraca u drugi klub
4. veljače 2021. 16:56:06 - Čišćenje lista/memorije.
4. veljače 2021. 16:56:06 - Pokretanje glavnog izbornika
4. veljače 2021. 16:56:09 - Pokretanje fukcije za prikaz klubova sa trenerima i igracima
4. veljače 2021. 16:56:37 - Čišćenje lista/memorije.
4. veljače 2021. 16:56:37 - Pokretanje glavnog izbornika
4. veljače 2021. 16:56:42 - Pokretanje fukcije za nasumicno odigravanje utakmica
4. veljače 2021. 16:56:46 - Čišćenje lista/memorije.
4. veljače 2021. 16:56:46 - Pokretanje glavnog izbornika
4. veljače 2021. 16:56:52 - Pokretanje fukcije za azuriranje klubova
4. veljače 2021. 16:57:19 - Korisnik je dodao novoi klub
4. veljače 2021. 16:57:21 - Čišćenje lista/memorije.
4. veljače 2021. 16:57:21 - Pokretanje glavnog izbornika
4. veljače 2021. 16:57:22 - Pokretanje fukcije za prikaz klubova sa trenerima i igracima
4. veljače 2021. 16:57:32 - Čišćenje lista/memorije.
4. veljače 2021. 16:57:32 - Pokretanje glavnog izbornika
4. veljače 2021. 16:57:35 - Pokretanje fukcije za prijelaz igraca
4. veljače 2021. 16:58:21 - Prijelaz igraca u drugi klub
4. veljače 2021. 16:58:23 - Čišćenje lista/memorije.
4. veljače 2021. 16:58:23 - Pokretanje glavnog izbornika
4. veljače 2021. 16:58:24 - Pokretanje fukcije za prikaz klubova sa trenerima i igracima
4. veljače 2021. 16:58:27 - Čišćenje lista/memorije.
4. veljače 2021. 16:58:27 - Pokretanje glavnog izbornika
4. veljače 2021. 16:58:32 - Izlaz iz programa
4. veljače 2021. 17:02:57 - Korisnik je pokrenuo program.
4. veljače 2021. 17:02:57 - Pokretanje glavnog izbornika
4. veljače 2021. 17:03:55 - Korisnik je pokrenuo program.
4. veljače 2021. 17:03:55 - Pokretanje glavnog izbornika
4. veljače 2021. 17:04:01 - Pokretanje fukcije za azuriranje igraca
4. veljače 2021. 17:09:05 - Korisnik je pokrenuo program.
4. veljače 2021. 17:09:05 - Pokretanje glavnog izbornika
4. veljače 2021. 17:09:13 - Pokretanje fukcije za azuriranje igraca
4. veljače 2021. 17:09:26 - Korisnik je dodao novog igraca
4. veljače 2021. 17:09:30 - Čišćenje lista/memorije.
4. veljače 2021. 17:09:30 - Pokretanje glavnog izbornika
4. veljače 2021. 17:09:32 - Pokretanje fukcije za prikaz klubova sa trenerima i igracima
4. veljače 2021. 17:09:47 - Čišćenje lista/memorije.
4. veljače 2021. 17:09:47 - Pokretanje glavnog izbornika
4. veljače 2021. 17:10:14 - Pokretanje fukcije za azuriranje igraca
4. veljače 2021. 17:10:38 - Korisnik je pokrenuo program.
4. veljače 2021. 17:10:38 - Pokretanje glavnog izbornika
4. veljače 2021. 17:10:44 - Pokretanje fukcije za azuriranje igraca
4. veljače 2021. 17:10:52 - Korisnik je dodao novog igraca
4. veljače 2021. 17:10:53 - Čišćenje lista/memorije.
4. veljače 2021. 17:10:53 - Pokretanje glavnog izbornika
4. veljače 2021. 17:10:54 - Pokretanje fukcije za prikaz klubova sa trenerima i igracima
4. veljače 2021. 17:10:59 - Čišćenje lista/memorije.
4. veljače 2021. 17:10:59 - Pokretanje glavnog izbornika
4. veljače 2021. 17:11:12 - Pokretanje fukcije za azuriranje klubova
4. veljače 2021. 17:11:30 - Korisnik je dodao novoi klub
4. veljače 2021. 17:11:32 - Čišćenje lista/memorije.
4. veljače 2021. 17:11:32 - Pokretanje glavnog izbornika
4. veljače 2021. 17:11:34 - Pokretanje fukcije za nasumicno odigravanje utakmica
4. veljače 2021. 17:11:36 - Čišćenje lista/memorije.
4. veljače 2021. 17:11:36 - Pokretanje glavnog izbornika
4. veljače 2021. 17:11:38 - Pokretanje fukcije za prikaz ljestvice
4. veljače 2021. 17:11:52 - Čišćenje lista/memorije.
4. veljače 2021. 17:11:52 - Pokretanje glavnog izbornika
4. veljače 2021. 17:11:54 - Izlaz iz programa
4. veljače 2021. 17:12:46 - Korisnik je pokrenuo program.
4. veljače 2021. 17:12:46 - Pokretanje glavnog izbornika
4. veljače 2021. 17:13:00 - Korisnik je pokrenuo program.
4. veljače 2021. 17:13:00 - Pokretanje glavnog izbornika
4. veljače 2021. 17:13:02 - Pokretanje fukcije za nasumicno odigravanje utakmica
4. veljače 2021. 17:13:05 - Čišćenje lista/memorije.
4. veljače 2021. 17:13:05 - Pokretanje glavnog izbornika
4. veljače 2021. 17:13:07 - Pokretanje fukcije za prikaz ljestvice
4. veljače 2021. 17:13:12 - Čišćenje lista/memorije.
4. veljače 2021. 17:13:12 - Pokretanje glavnog izbornika
4. veljače 2021. 17:13:16 - Pokretanje fukcije za prikaz ljestvice
4. veljače 2021. 17:13:18 - Čišćenje lista/memorije.
4. veljače 2021. 17:13:18 - Pokretanje glavnog izbornika
4. veljače 2021. 17:13:19 - Pokretanje fukcije za nasumicno odigravanje utakmica
4. veljače 2021. 17:13:22 - Čišćenje lista/memorije.
4. veljače 2021. 17:13:22 - Pokretanje glavnog izbornika
4. veljače 2021. 17:13:23 - Pokretanje fukcije za prikaz ljestvice
4. veljače 2021. 17:13:36 - Izlaz iz programa
4. veljače 2021. 17:25:30 - Korisnik je pokrenuo program.
4. veljače 2021. 17:25:30 - Pokretanje glavnog izbornika
4. veljače 2021. 17:25:32 - Pokretanje fukcije za nasumicno odigravanje utakmica
4. veljače 2021. 17:25:34 - Čišćenje lista/memorije.
4. veljače 2021. 17:25:34 - Pokretanje glavnog izbornika
4. veljače 2021. 17:25:35 - Pokretanje fukcije za prikaz ljestvice
4. veljače 2021. 17:25:40 - Čišćenje lista/memorije.
4. veljače 2021. 17:25:40 - Pokretanje glavnog izbornika
4. veljače 2021. 17:26:15 - Korisnik je pokrenuo program.
4. veljače 2021. 17:26:15 - Pokretanje glavnog izbornika
4. veljače 2021. 17:26:16 - Pokretanje fukcije za nasumicno odigravanje utakmica
4. veljače 2021. 17:26:18 - Čišćenje lista/memorije.
4. veljače 2021. 17:26:18 - Pokretanje glavnog izbornika
4. veljače 2021. 17:26:19 - Pokretanje fukcije za prikaz ljestvice
4. veljače 2021. 17:26:31 - Korisnik je pokrenuo program.
4. veljače 2021. 17:26:31 - Pokretanje glavnog izbornika
4. veljače 2021. 17:26:32 - Pokretanje fukcije za nasumicno odigravanje utakmica
4. veljače 2021. 17:26:34 - Čišćenje lista/memorije.
4. veljače 2021. 17:26:34 - Pokretanje glavnog izbornika
4. veljače 2021. 17:26:36 - Pokretanje fukcije za prikaz ljestvice
4. veljače 2021. 17:28:27 - Korisnik je pokrenuo program.
4. veljače 2021. 17:28:27 - Pokretanje glavnog izbornika
4. veljače 2021. 17:28:29 - Pokretanje fukcije za nasumicno odigravanje utakmica
4. veljače 2021. 17:28:31 - Čišćenje lista/memorije.
4. veljače 2021. 17:28:31 - Pokretanje glavnog izbornika
4. veljače 2021. 17:28:32 - Pokretanje fukcije za prikaz ljestvice
4. veljače 2021. 17:28:40 - Čišćenje lista/memorije.
4. veljače 2021. 17:28:40 - Pokretanje glavnog izbornika
4. veljače 2021. 17:28:42 - Pokretanje fukcije za prikaz ljestvice
4. veljače 2021. 17:28:47 - Čišćenje lista/memorije.
4. veljače 2021. 17:28:47 - Pokretanje glavnog izbornika
4. veljače 2021. 17:28:48 - Pokretanje fukcije za nasumicno odigravanje utakmica
4. veljače 2021. 17:28:50 - Čišćenje lista/memorije.
4. veljače 2021. 17:28:50 - Pokretanje glavnog izbornika
4. veljače 2021. 17:28:51 - Pokretanje fukcije za prikaz ljestvice
4. veljače 2021. 17:28:53 - Čišćenje lista/memorije.
4. veljače 2021. 17:28:53 - Pokretanje glavnog izbornika
4. veljače 2021. 17:29:07 - Pokretanje fukcije za prikaz klubova sa trenerima i igracima
4. veljače 2021. 17:29:09 - Čišćenje lista/memorije.
4. veljače 2021. 17:29:09 - Pokretanje glavnog izbornika
4. veljače 2021. 17:29:10 - Pokretanje fukcije za prikaz ljestvice
4. veljače 2021. 17:29:30 - Čišćenje lista/memorije.
4. veljače 2021. 17:29:30 - Pokretanje glavnog izbornika
4. veljače 2021. 17:29:32 - Izlaz iz programa
4. veljače 2021. 18:30:13 - Korisnik je pokrenuo program.
4. veljače 2021. 18:30:13 - Pokretanje glavnog izbornika
4. veljače 2021. 18:30:15 - Pokretanje fukcije za nasumicno odigravanje utakmica
4. veljače 2021. 18:31:09 - Čišćenje lista/memorije.
4. veljače 2021. 18:31:09 - Pokretanje glavnog izbornika
4. veljače 2021. 18:31:22 - Pokretanje fukcije za prikaz ljestvice
4. veljače 2021. 21:37:46 - Korisnik je pokrenuo program.
4. veljače 2021. 21:37:46 - Pokretanje glavnog izbornika
4. veljače 2021. 21:37:49 - Pokretanje fukcije za nasumicno odigravanje utakmica
4. veljače 2021. 21:37:51 - Čišćenje lista/memorije.
4. veljače 2021. 21:37:51 - Pokretanje glavnog izbornika
4. veljače 2021. 21:37:55 - Pokretanje fukcije za prikaz ljestvice
4. veljače 2021. 21:37:59 - Čišćenje lista/memorije.
4. veljače 2021. 21:37:59 - Pokretanje glavnog izbornika
4. veljače 2021. 21:38:03 - Korisnik je pokrenuo program.
4. veljače 2021. 21:38:03 - Pokretanje glavnog izbornika
4. veljače 2021. 21:38:09 - Pokretanje fukcije za prikaz ljestvice
4. veljače 2021. 21:38:16 - Čišćenje lista/memorije.
4. veljače 2021. 21:38:16 - Pokretanje glavnog izbornika
4. veljače 2021. 21:38:17 - Pokretanje fukcije za nasumicno odigravanje utakmica
4. veljače 2021. 21:38:19 - Čišćenje lista/memorije.
4. veljače 2021. 21:38:19 - Pokretanje glavnog izbornika
4. veljače 2021. 21:38:20 - Pokretanje fukcije za prikaz ljestvice
4. veljače 2021. 21:42:57 - Korisnik je pokrenuo program.
4. veljače 2021. 21:42:57 - Pokretanje glavnog izbornika
4. veljače 2021. 21:42:59 - Pokretanje fukcije za nasumicno odigravanje utakmica
4. veljače 2021. 21:43:01 - Čišćenje lista/memorije.
4. veljače 2021. 21:43:01 - Pokretanje glavnog izbornika
4. veljače 2021. 21:43:02 - Pokretanje fukcije za prikaz ljestvice
4. veljače 2021. 21:43:07 - Čišćenje lista/memorije.
4. veljače 2021. 21:43:07 - Pokretanje glavnog izbornika
4. veljače 2021. 21:43:25 - Korisnik je pokrenuo program.
4. veljače 2021. 21:43:25 - Pokretanje glavnog izbornika
4. veljače 2021. 21:43:26 - Pokretanje fukcije za nasumicno odigravanje utakmica
4. veljače 2021. 21:43:29 - Čišćenje lista/memorije.
4. veljače 2021. 21:43:29 - Pokretanje glavnog izbornika
4. veljače 2021. 21:43:30 - Pokretanje fukcije za prikaz ljestvice
4. veljače 2021. 21:43:32 - Čišćenje lista/memorije.
4. veljače 2021. 21:43:32 - Pokretanje glavnog izbornika
4. veljače 2021. 21:43:34 - Pokretanje fukcije za prikaz ljestvice
4. veljače 2021. 21:43:35 - Čišćenje lista/memorije.
4. veljače 2021. 21:43:35 - Pokretanje glavnog izbornika
4. veljače 2021. 21:43:36 - Pokretanje fukcije za nasumicno odigravanje utakmica
4. veljače 2021. 21:43:38 - Čišćenje lista/memorije.
4. veljače 2021. 21:43:38 - Pokretanje glavnog izbornika
4. veljače 2021. 21:43:39 - Pokretanje fukcije za prikaz ljestvice
5. veljače 2021. 11:22:10 - Korisnik je pokrenuo program.
5. veljače 2021. 11:22:10 - Pokretanje glavnog izbornika
5. veljače 2021. 11:22:12 - Pokretanje fukcije za prikaz ljestvice
5. veljače 2021. 11:22:15 - Čišćenje lista/memorije.
5. veljače 2021. 11:22:15 - Pokretanje glavnog izbornika
5. veljače 2021. 11:22:16 - Pokretanje fukcije za nasumicno odigravanje utakmica
5. veljače 2021. 11:22:18 - Čišćenje lista/memorije.
5. veljače 2021. 11:22:18 - Pokretanje glavnog izbornika
5. veljače 2021. 11:22:19 - Pokretanje fukcije za prikaz ljestvice
5. veljače 2021. 11:22:20 - Čišćenje lista/memorije.
5. veljače 2021. 11:22:20 - Pokretanje glavnog izbornika
5. veljače 2021. 11:22:29 - Pokretanje fukcije za nasumicno odigravanje utakmica
5. veljače 2021. 11:22:31 - Čišćenje lista/memorije.
5. veljače 2021. 11:22:31 - Pokretanje glavnog izbornika
5. veljače 2021. 11:22:32 - Pokretanje fukcije za prikaz ljestvice
5. veljače 2021. 11:22:35 - Čišćenje lista/memorije.
5. veljače 2021. 11:22:35 - Pokretanje glavnog izbornika
5. veljače 2021. 11:22:35 - Pokretanje fukcije za nasumicno odigravanje utakmica
5. veljače 2021. 11:22:37 - Čišćenje lista/memorije.
5. veljače 2021. 11:22:37 - Pokretanje glavnog izbornika
5. veljače 2021. 11:22:39 - Pokretanje fukcije za prikaz ljestvice
5. veljače 2021. 11:56:35 - Korisnik je pokrenuo program.
5. veljače 2021. 11:56:35 - Pokretanje glavnog izbornika
5. veljače 2021. 11:56:41 - Pokretanje fukcije za azuriranje klubova
5. veljače 2021. 11:56:46 - Korisnik je izbrisao klub
5. veljače 2021. 11:56:54 - Čišćenje lista/memorije.
5. veljače 2021. 11:56:54 - Pokretanje glavnog izbornika
5. veljače 2021. 12:00:22 - Korisnik je pokrenuo program.
5. veljače 2021. 12:00:22 - Pokretanje glavnog izbornika
5. veljače 2021. 12:00:24 - Pokretanje fukcije za azuriranje igraca
5. veljače 2021. 12:00:30 - Korisnik je pokrenuo program.
5. veljače 2021. 12:00:30 - Pokretanje glavnog izbornika
5. veljače 2021. 12:00:31 - Pokretanje fukcije za azuriranje igraca
5. veljače 2021. 12:03:33 - Korisnik je pokrenuo program.
5. veljače 2021. 12:03:33 - Pokretanje glavnog izbornika
5. veljače 2021. 12:03:37 - Pokretanje fukcije za azuriranje klubova
5. veljače 2021. 12:03:42 - Korisnik je izbrisao klub
5. veljače 2021. 12:14:03 - Korisnik je pokrenuo program.
5. veljače 2021. 12:14:03 - Pokretanje glavnog izbornika
5. veljače 2021. 12:14:09 - Pokretanje fukcije za azuriranje klubova
5. veljače 2021. 12:14:13 - Korisnik je izbrisao klub
5. veljače 2021. 12:15:04 - Korisnik je pokrenuo program.
5. veljače 2021. 12:15:04 - Pokretanje glavnog izbornika
5. veljače 2021. 12:15:43 - Pokretanje fukcije za nasumicno odigravanje utakmica
5. veljače 2021. 12:15:48 - Čišćenje lista/memorije.
5. veljače 2021. 12:15:48 - Pokretanje glavnog izbornika
5. veljače 2021. 12:15:58 - Pokretanje fukcije za prikaz ljestvice
5. veljače 2021. 12:16:07 - Čišćenje lista/memorije.
5. veljače 2021. 12:16:07 - Pokretanje glavnog izbornika
5. veljače 2021. 12:16:26 - Pokretanje fukcije za azuriranje igraca
8. veljače 2021. 16:05:56 - Korisnik je pokrenuo program.
8. veljače 2021. 16:05:56 - Pokretanje glavnog izbornika
8. veljače 2021. 16:06:01 - Pokretanje fukcije za nasumicno odigravanje utakmica
8. veljače 2021. 16:06:04 - Čišćenje lista/memorije.
8. veljače 2021. 16:06:04 - Pokretanje glavnog izbornika
8. veljače 2021. 16:06:06 - Pokretanje fukcije za prikaz ljestvice
8. veljače 2021. 16:07:26 - Korisnik je pokrenuo program.
8. veljače 2021. 16:07:26 - Pokretanje glavnog izbornika
8. veljače 2021. 16:08:56 - Pokretanje fukcije za prikaz klubova sa trenerima i igracima
8. veljače 2021. 16:11:21 - Korisnik je pokrenuo program.
8. veljače 2021. 16:11:21 - Pokretanje glavnog izbornika
8. veljače 2021. 16:14:38 - Korisnik je pokrenuo program.
8. veljače 2021. 16:14:38 - Pokretanje glavnog izbornika
8. veljače 2021. 16:14:40 - Pokretanje fukcije za nasumicno odigravanje utakmica
8. veljače 2021. 16:14:46 - Čišćenje lista/memorije.
8. veljače 2021. 16:14:46 - Pokretanje glavnog izbornika
8. veljače 2021. 16:14:48 - Pokretanje fukcije za prikaz ljestvice
8. veljače 2021. 16:14:57 - Čišćenje lista/memorije.
8. veljače 2021. 16:14:57 - Pokretanje glavnog izbornika
8. veljače 2021. 16:14:59 - Pokretanje fukcije za nasumicno odigravanje utakmica
8. veljače 2021. 16:15:01 - Čišćenje lista/memorije.
8. veljače 2021. 16:15:01 - Pokretanje glavnog izbornika
8. veljače 2021. 16:15:03 - Pokretanje fukcije za prikaz ljestvice
4. svibnja 2022. 20:43:30 - Korisnik je pokrenuo program.
4. svibnja 2022. 20:43:30 - Pokretanje glavnog izbornika
4. svibnja 2022. 20:43:32 - Izlaz iz programa
